2019-09-21 07:09:35,067 DEBUG    root            Loaded Command Group: [u'gcloud', u'config']
2019-09-21 07:09:35,068 DEBUG    root            Loaded Command Group: [u'gcloud', u'config', u'config_helper']
2019-09-21 07:09:35,071 DEBUG    root            Running [gcloud.config.config-helper] with arguments: [--format: "json"]
2019-09-21 07:09:35,136 INFO     root            Display format: "default json"
2019-09-21 07:09:35,137 INFO     ___FILE_ONLY___ {
  "configuration": {
    "active_configuration": "default",
    "properties": {
      "core": {
        "account": "1096154357858-compute@developer.gserviceaccount.com",
        "disable_usage_reporting": "True",
        "project": "sbuhacks-2019"
      }
    }
  },
  "credential": {
    "access_token": "ya29.c.KmCKBwAr4eJ1SLomR5ZIqCVCnZ-u1dQgNdkhIEplVlfRbyhAgdpvPRHl8SvRtBIhzUPkMHrEgi3tmgpIPUrXdiIwHzL4AT1jBHohPqSiArZRNkZc2sLFjnfhC5HDJCp-DR4",
    "id_token": "eyJhbGciOiJSUzI1NiIsImtpZCI6IjBiMGJmMTg2NzQzNDcxYTFlZGNhYzMwNjBkMTI1NmY5ZTQwNTBiYTgiLCJ0eXAiOiJKV1QifQ.eyJhdWQiOiIzMjU1NTk0MDU1OS5hcHBzLmdvb2dsZXVzZXJjb250ZW50LmNvbSIsImF6cCI6IjEwNjYzNjI1Mzc3MjE4MDMzNzkxOSIsImV4cCI6MTU2OTA1MzM3NSwiaWF0IjoxNTY5MDQ5Nzc1LCJpc3MiOiJodHRwczovL2FjY291bnRzLmdvb2dsZS5jb20iLCJzdWIiOiIxMDY2MzYyNTM3NzIxODAzMzc5MTkifQ.mk4xKu3FjyUChagOueIo7KzVxAksse2itayKJDn9XOn8DF2i6RBvzLObXzFWmsjCH_4LbFDz6E0WstRpaevk_RS7SjKZOL_sRnIX2NctsPFd1VljGwaDXxr1kofqdRaJ0KVLaG6-vFzLENfL5n9E5pD6W1WHMGQz9BKbYUvGJJJIh2i0FVJBDm3KBrvwU_eOIPiMxYDPXN0dXpcQVgwalaTa-xRuBflWe86df96HlEyTO1sxk41G3SIjgYnH85ptk3VCc4YLlkHZsee7dAwQBxFNOuQGcbtRlx-qAvSge42hVvduWsUfgtLgnxCuA59-terNIML_47ygeaB8xiKC6A",
    "token_expiry": "2019-09-21T08:01:54Z"
  },
  "sentinels": {
    "config_sentinel": "/home/abraham_rosloff/.config/gcloud/config_sentinel"
  }
}
2019-09-21 07:09:35,137 INFO     ___FILE_ONLY___ 

2019-09-21 07:09:35,139 DEBUG    root            SDK update checks are disabled.
