2019-09-21 07:11:52,443 DEBUG    root            Loaded Command Group: [u'gcloud', u'config']
2019-09-21 07:11:52,445 DEBUG    root            Loaded Command Group: [u'gcloud', u'config', u'config_helper']
2019-09-21 07:11:52,448 DEBUG    root            Running [gcloud.config.config-helper] with arguments: [--format: "json"]
2019-09-21 07:11:52,521 INFO     root            Display format: "default json"
2019-09-21 07:11:52,522 INFO     ___FILE_ONLY___ {
  "configuration": {
    "active_configuration": "default",
    "properties": {
      "core": {
        "account": "1096154357858-compute@developer.gserviceaccount.com",
        "disable_usage_reporting": "True",
        "project": "sbuhacks-2019"
      }
    }
  },
  "credential": {
    "access_token": "ya29.c.KmCKBwAr4eJ1SLomR5ZIqCVCnZ-u1dQgNdkhIEplVlfRbyhAgdpvPRHl8SvRtBIhzUPkMHrEgi3tmgpIPUrXdiIwHzL4AT1jBHohPqSiArZRNkZc2sLFjnfhC5HDJCp-DR4",
    "id_token": "eyJhbGciOiJSUzI1NiIsImtpZCI6IjBiMGJmMTg2NzQzNDcxYTFlZGNhYzMwNjBkMTI1NmY5ZTQwNTBiYTgiLCJ0eXAiOiJKV1QifQ.eyJhdWQiOiIzMjU1NTk0MDU1OS5hcHBzLmdvb2dsZXVzZXJjb250ZW50LmNvbSIsImF6cCI6IjEwNjYzNjI1Mzc3MjE4MDMzNzkxOSIsImV4cCI6MTU2OTA1MzUxMiwiaWF0IjoxNTY5MDQ5OTEyLCJpc3MiOiJodHRwczovL2FjY291bnRzLmdvb2dsZS5jb20iLCJzdWIiOiIxMDY2MzYyNTM3NzIxODAzMzc5MTkifQ.lr459CL9DlxYCR_jG2u6pxsodbOcLcCCSK_-K9P1hONpfAsYd21al36Ii6xRI4ukklB3PzzpMEIJ_nsYNIloUG6j6p2DkzDSvk6uiq5ThylggBfAgrwqOwKuuzLtjN8BI02PuIRtw8lKXs8s2_vVNH-JWwxwY7fVHaSg_6YKoxIfgq63TrX_8Ono9JcIbuUn09XtSvsaK4Uzmn2IhjmZACQjaCjXOeRxQRt7B7pmlFZHQEflvJzx741UdIBc-kbvkPi6BS39BPFLMKe-yCwjiAdsL9qA35l9q6LHUuATsYTMXIaGb8B5zNA3QAA5IRI17mMQddFX9WEbLzvTgQKXTQ",
    "token_expiry": "2019-09-21T08:01:54Z"
  },
  "sentinels": {
    "config_sentinel": "/home/abraham_rosloff/.config/gcloud/config_sentinel"
  }
}
2019-09-21 07:11:52,522 INFO     ___FILE_ONLY___ 

2019-09-21 07:11:52,524 DEBUG    root            SDK update checks are disabled.
