2019-09-21 08:05:24,122 DEBUG    root            Loaded Command Group: [u'gcloud', u'config']
2019-09-21 08:05:24,124 DEBUG    root            Loaded Command Group: [u'gcloud', u'config', u'config_helper']
2019-09-21 08:05:24,127 DEBUG    root            Running [gcloud.config.config-helper] with arguments: [--format: "json"]
2019-09-21 08:05:24,257 INFO     root            Display format: "default json"
2019-09-21 08:05:24,259 INFO     ___FILE_ONLY___ {
  "configuration": {
    "active_configuration": "default",
    "properties": {
      "core": {
        "account": "1096154357858-compute@developer.gserviceaccount.com",
        "disable_usage_reporting": "True",
        "project": "sbuhacks-2019"
      }
    }
  },
  "credential": {
    "access_token": "ya29.c.KmCKBzWe4mzcoHMpv3MCWbllR40pmpuKPQfb3sBQSmWLROEqsC1GBQ1yNBfkUTbTouYjlsVgCrV6zwj7e3uFeJACpkVpqeYKd1MZ0_7zxdZbrkamDyf8jCksN5YhkkKtRW0",
    "id_token": "eyJhbGciOiJSUzI1NiIsImtpZCI6IjBiMGJmMTg2NzQzNDcxYTFlZGNhYzMwNjBkMTI1NmY5ZTQwNTBiYTgiLCJ0eXAiOiJKV1QifQ.eyJhdWQiOiIzMjU1NTk0MDU1OS5hcHBzLmdvb2dsZXVzZXJjb250ZW50LmNvbSIsImF6cCI6IjEwNjYzNjI1Mzc3MjE4MDMzNzkxOSIsImV4cCI6MTU2OTA1NjcyNCwiaWF0IjoxNTY5MDUzMTI0LCJpc3MiOiJodHRwczovL2FjY291bnRzLmdvb2dsZS5jb20iLCJzdWIiOiIxMDY2MzYyNTM3NzIxODAzMzc5MTkifQ.LhbjG-nTOf1eeDwocDrW7EpMXwz7A8DZEj8ZZW53BqQ_cJ1YSeZanJjNdgXHdsjsrg-77dlTGyXXDswIDYC7a-C_9QAAeVq32kkwGnyZ5bJLIvE3OHbLi89rxzOVro56TrdMyWOmHx5V2W65zjlVyRfPlGTNVYkDrzc6WAyno6NuNDS1xUqh7itRduztzulQfzwZPtPMeS--HgetN8IWtdktFkumf6q2MSSBg8nqk3AwPgRVbj_lzk7koukhkxbmSpHNRLgdBxzyw_tzMh8PkSJmn682KUUtyDwFx69byWssCqJjgs9Qi1HY-OKe4ORppmjemq8oMdfCKVR8V1Tq5A",
    "token_expiry": "2019-09-21T08:42:27Z"
  },
  "sentinels": {
    "config_sentinel": "/home/abraham_rosloff/.config/gcloud/config_sentinel"
  }
}
2019-09-21 08:05:24,259 INFO     ___FILE_ONLY___ 

2019-09-21 08:05:24,260 DEBUG    root            SDK update checks are disabled.
