2019-09-21 08:32:37,694 DEBUG    root            Loaded Command Group: [u'gcloud', u'config']
2019-09-21 08:32:37,704 DEBUG    root            Loaded Command Group: [u'gcloud', u'config', u'config_helper']
2019-09-21 08:32:37,707 DEBUG    root            Running [gcloud.config.config-helper] with arguments: [--format: "json"]
2019-09-21 08:32:37,812 INFO     root            Display format: "default json"
2019-09-21 08:32:37,813 INFO     ___FILE_ONLY___ {
  "configuration": {
    "active_configuration": "default",
    "properties": {
      "core": {
        "account": "1096154357858-compute@developer.gserviceaccount.com",
        "disable_usage_reporting": "True",
        "project": "sbuhacks-2019"
      }
    }
  },
  "credential": {
    "access_token": "ya29.c.KmCKB9dG0SmeQ2wWUskWrvBTXB7xgidkFwJVVyI4kkmQu5Ob_ITWH5gdBpKAmlBNvwVRmQdvxJcRi0hvJP6JwEqgNqvCOYJM_T5S7bx1OFMLCU-WDX7Ed4H78mB3KsUnC40",
    "id_token": "eyJhbGciOiJSUzI1NiIsImtpZCI6IjBiMGJmMTg2NzQzNDcxYTFlZGNhYzMwNjBkMTI1NmY5ZTQwNTBiYTgiLCJ0eXAiOiJKV1QifQ.eyJhdWQiOiIzMjU1NTk0MDU1OS5hcHBzLmdvb2dsZXVzZXJjb250ZW50LmNvbSIsImF6cCI6IjEwNjYzNjI1Mzc3MjE4MDMzNzkxOSIsImV4cCI6MTU2OTA1ODM1NywiaWF0IjoxNTY5MDU0NzU3LCJpc3MiOiJodHRwczovL2FjY291bnRzLmdvb2dsZS5jb20iLCJzdWIiOiIxMDY2MzYyNTM3NzIxODAzMzc5MTkifQ.P-46KK1IBO-kFnQAw9R4W3ONM0Ezy24fQG7w2XOFPokEueVEDQpJ6DxmT4wispJdVs6xHAK7QeACN_654ZH_9dqGzr3-9p_Z6sPrfqhkQnD1bsShtGS_hwt-UysGH0PA2qn0W72x1e-MmLyWgv5FypeE5JC4GgMQoqo5TcAvbytYm3ehC9EN2vZzdgmq7mZvgqsvn5_Tcn132SNMlWrhClBqe5nXM2WNyOLAzvIoBCNLyzu7SooAXZRUj764jB0TVaBvALxrDfZMrpVPjHQ8F2sDRXFnra7zK4-r1A25Bm83s2GnJnrWcUOH0v75iToSXRZigr62rArMky3FiR0Y8w",
    "token_expiry": "2019-09-21T09:10:52Z"
  },
  "sentinels": {
    "config_sentinel": "/home/abraham_rosloff/.config/gcloud/config_sentinel"
  }
}
2019-09-21 08:32:37,813 INFO     ___FILE_ONLY___ 

2019-09-21 08:32:37,819 DEBUG    root            SDK update checks are disabled.
