2019-09-21 15:03:36,181 DEBUG    root            Loaded Command Group: [u'gcloud', u'config']
2019-09-21 15:03:36,183 DEBUG    root            Loaded Command Group: [u'gcloud', u'config', u'config_helper']
2019-09-21 15:03:36,188 DEBUG    root            Running [gcloud.config.config-helper] with arguments: [--format: "json"]
2019-09-21 15:03:36,335 INFO     root            Display format: "default json"
2019-09-21 15:03:36,336 INFO     ___FILE_ONLY___ {
  "configuration": {
    "active_configuration": "default",
    "properties": {
      "core": {
        "account": "1096154357858-compute@developer.gserviceaccount.com",
        "disable_usage_reporting": "True",
        "project": "sbuhacks-2019"
      }
    }
  },
  "credential": {
    "access_token": "ya29.c.KmCKB86Ei_iICW4EpW3DBRjtoELWDyEJfnFf1oIHZ4_zn5urVhtbDck3ttGg86_YciV7XSnEETTuSWGZdJVWKY1QLhzbZ_ykYa1JRDMA_CM6DnZ6Ug5MTfqEn2ArKJUblqA",
    "id_token": "eyJhbGciOiJSUzI1NiIsImtpZCI6IjBiMGJmMTg2NzQzNDcxYTFlZGNhYzMwNjBkMTI1NmY5ZTQwNTBiYTgiLCJ0eXAiOiJKV1QifQ.eyJhdWQiOiIzMjU1NTk0MDU1OS5hcHBzLmdvb2dsZXVzZXJjb250ZW50LmNvbSIsImF6cCI6IjEwNjYzNjI1Mzc3MjE4MDMzNzkxOSIsImV4cCI6MTU2OTA4MTgxNiwiaWF0IjoxNTY5MDc4MjE2LCJpc3MiOiJodHRwczovL2FjY291bnRzLmdvb2dsZS5jb20iLCJzdWIiOiIxMDY2MzYyNTM3NzIxODAzMzc5MTkifQ.PXd0wabQnhQDGK-nr6TyQBontP8IMDygtMLa31G3_qHuAfvNeifE__SIZskttpdXQM64gNcV6u8AmHQlPal7blKEA4w56omlnx4IgvGWjWoFCKNd9ht4WHJcSacHEdyPy56EKUyh_j55Md5I8oBiKPizrwafo5r4ifegVNUvOMpGkZD1ALu3F-a2ATUOvmrz3XngCvuVfxd9tn7AFu3sDk38room9LpCFV8mTeTO5PSuj2DJq8ty4MCHmOljMzxyg4LiUwZrnUxdnCipViq8t9VT_t2HFjcZlIlWK6ft4wyJtsv4TsjwLMPkKIorMfrBLT1-kkinybTKA0TdiXKgXg",
    "token_expiry": "2019-09-21T15:54:10Z"
  },
  "sentinels": {
    "config_sentinel": "/home/abraham_rosloff/.config/gcloud/config_sentinel"
  }
}
2019-09-21 15:03:36,336 INFO     ___FILE_ONLY___ 

2019-09-21 15:03:36,337 DEBUG    root            SDK update checks are disabled.
