2019-09-21 15:10:04,841 DEBUG    root            Loaded Command Group: [u'gcloud', u'config']
2019-09-21 15:10:04,848 DEBUG    root            Loaded Command Group: [u'gcloud', u'config', u'config_helper']
2019-09-21 15:10:04,854 DEBUG    root            Running [gcloud.config.config-helper] with arguments: [--format: "json"]
2019-09-21 15:10:04,943 INFO     root            Display format: "default json"
2019-09-21 15:10:04,945 INFO     ___FILE_ONLY___ {
  "configuration": {
    "active_configuration": "default",
    "properties": {
      "core": {
        "account": "1096154357858-compute@developer.gserviceaccount.com",
        "disable_usage_reporting": "True",
        "project": "sbuhacks-2019"
      }
    }
  },
  "credential": {
    "access_token": "ya29.c.KmCKB86Ei_iICW4EpW3DBRjtoELWDyEJfnFf1oIHZ4_zn5urVhtbDck3ttGg86_YciV7XSnEETTuSWGZdJVWKY1QLhzbZ_ykYa1JRDMA_CM6DnZ6Ug5MTfqEn2ArKJUblqA",
    "id_token": "eyJhbGciOiJSUzI1NiIsImtpZCI6IjBiMGJmMTg2NzQzNDcxYTFlZGNhYzMwNjBkMTI1NmY5ZTQwNTBiYTgiLCJ0eXAiOiJKV1QifQ.eyJhdWQiOiIzMjU1NTk0MDU1OS5hcHBzLmdvb2dsZXVzZXJjb250ZW50LmNvbSIsImF6cCI6IjEwNjYzNjI1Mzc3MjE4MDMzNzkxOSIsImV4cCI6MTU2OTA4MjIwNCwiaWF0IjoxNTY5MDc4NjA0LCJpc3MiOiJodHRwczovL2FjY291bnRzLmdvb2dsZS5jb20iLCJzdWIiOiIxMDY2MzYyNTM3NzIxODAzMzc5MTkifQ.QozzrJbpqrbNYIwnuULm3oVYs0-bHkSKmv4G7H38yjRHKVslEeAoR0zvQ9HJpqtIgm45ZUEb21VdujGV8mzOnYu6kelEGpyZt2c09GfuEhO-Cq_y5JJB1upvJ5AIuIqAJP8TOtuI4VDMRIXzf9rUFgZdFmsvBkDci-wWOBV6reOcka_0Xu-v2xwqYfijspS-VP4Laq5zpJnQNY9osfiXEfXFKcdJozKmflu_2934FeNn1k2WFBPTWy7RWOwwSone10bFSgZK5aS173kVMAaiyGFomKtrWTa__bnl1p6bqp72F3uAUt-GkABu8LBqiloGI16b2IdgwxsZWtO_WEAcMw",
    "token_expiry": "2019-09-21T15:54:10Z"
  },
  "sentinels": {
    "config_sentinel": "/home/abraham_rosloff/.config/gcloud/config_sentinel"
  }
}
2019-09-21 15:10:04,945 INFO     ___FILE_ONLY___ 

2019-09-21 15:10:04,951 DEBUG    root            SDK update checks are disabled.
