2019-09-21 15:10:05,154 DEBUG    root            Loaded Command Group: [u'gcloud', u'config']
2019-09-21 15:10:05,156 DEBUG    root            Loaded Command Group: [u'gcloud', u'config', u'config_helper']
2019-09-21 15:10:05,159 DEBUG    root            Running [gcloud.config.config-helper] with arguments: [--format: "json"]
2019-09-21 15:10:05,231 INFO     root            Display format: "default json"
2019-09-21 15:10:05,232 INFO     ___FILE_ONLY___ {
  "configuration": {
    "active_configuration": "default",
    "properties": {
      "core": {
        "account": "1096154357858-compute@developer.gserviceaccount.com",
        "disable_usage_reporting": "True",
        "project": "sbuhacks-2019"
      }
    }
  },
  "credential": {
    "access_token": "ya29.c.KmCKB86Ei_iICW4EpW3DBRjtoELWDyEJfnFf1oIHZ4_zn5urVhtbDck3ttGg86_YciV7XSnEETTuSWGZdJVWKY1QLhzbZ_ykYa1JRDMA_CM6DnZ6Ug5MTfqEn2ArKJUblqA",
    "id_token": "eyJhbGciOiJSUzI1NiIsImtpZCI6IjBiMGJmMTg2NzQzNDcxYTFlZGNhYzMwNjBkMTI1NmY5ZTQwNTBiYTgiLCJ0eXAiOiJKV1QifQ.eyJhdWQiOiIzMjU1NTk0MDU1OS5hcHBzLmdvb2dsZXVzZXJjb250ZW50LmNvbSIsImF6cCI6IjEwNjYzNjI1Mzc3MjE4MDMzNzkxOSIsImV4cCI6MTU2OTA4MjIwNSwiaWF0IjoxNTY5MDc4NjA1LCJpc3MiOiJodHRwczovL2FjY291bnRzLmdvb2dsZS5jb20iLCJzdWIiOiIxMDY2MzYyNTM3NzIxODAzMzc5MTkifQ.sVbCaJbGG0TneT8Bhl2_y7pIYz3mPNFLNbFohU_mvy20a9F20s5HTYjE3ECFO4puT6Hnk9GAU-W8S_UZ6TG3fjoEZObs3BnOK_VG_Y1ohkgCD2uwM2yCLY_1n9IO0ZvEUHaHFtf-hR3WNBmWA2uVQU6DBIvHhxbQ8hoH_1SSz7TXU1BWeKyLmXT4LGlpB5x7WLutPnCTAX3pcw5Nyp9cHhT3H2e-lHivzm4HmebWslXQcmSHsi7W7qXHhQjAGRUXJ6BFMBgm8WxgRbhfK46xzZ49Rl7sfyhGk3gNVM4Yk-PU-200Tq2zbIvvfBZZgeGja1_iO-ybce6mrPn6zqf_YA",
    "token_expiry": "2019-09-21T15:54:10Z"
  },
  "sentinels": {
    "config_sentinel": "/home/abraham_rosloff/.config/gcloud/config_sentinel"
  }
}
2019-09-21 15:10:05,232 INFO     ___FILE_ONLY___ 

2019-09-21 15:10:05,233 DEBUG    root            SDK update checks are disabled.
