2019-09-21 15:16:18,828 DEBUG    root            Loaded Command Group: [u'gcloud', u'config']
2019-09-21 15:16:18,830 DEBUG    root            Loaded Command Group: [u'gcloud', u'config', u'config_helper']
2019-09-21 15:16:18,837 DEBUG    root            Running [gcloud.config.config-helper] with arguments: [--format: "json"]
2019-09-21 15:16:18,916 INFO     root            Display format: "default json"
2019-09-21 15:16:18,917 INFO     ___FILE_ONLY___ {
  "configuration": {
    "active_configuration": "default",
    "properties": {
      "core": {
        "account": "1096154357858-compute@developer.gserviceaccount.com",
        "disable_usage_reporting": "True",
        "project": "sbuhacks-2019"
      }
    }
  },
  "credential": {
    "access_token": "ya29.c.KmCKB86Ei_iICW4EpW3DBRjtoELWDyEJfnFf1oIHZ4_zn5urVhtbDck3ttGg86_YciV7XSnEETTuSWGZdJVWKY1QLhzbZ_ykYa1JRDMA_CM6DnZ6Ug5MTfqEn2ArKJUblqA",
    "id_token": "eyJhbGciOiJSUzI1NiIsImtpZCI6IjBiMGJmMTg2NzQzNDcxYTFlZGNhYzMwNjBkMTI1NmY5ZTQwNTBiYTgiLCJ0eXAiOiJKV1QifQ.eyJhdWQiOiIzMjU1NTk0MDU1OS5hcHBzLmdvb2dsZXVzZXJjb250ZW50LmNvbSIsImF6cCI6IjEwNjYzNjI1Mzc3MjE4MDMzNzkxOSIsImV4cCI6MTU2OTA4MjU3OCwiaWF0IjoxNTY5MDc4OTc4LCJpc3MiOiJodHRwczovL2FjY291bnRzLmdvb2dsZS5jb20iLCJzdWIiOiIxMDY2MzYyNTM3NzIxODAzMzc5MTkifQ.JmCf1G9YnyJajHJYQ23KukC-wpu11zPEZxc8zjg3AjOQADZQduxd50F4VRTBYVkL-IVCQ3wwXSoEGQH8chaCrqr_Iu8vtFaqkZ1DLiCzYhTvTmZOu6CQqsPC2ny3rKW_oOtFDOQ6gQbCaQCPEYzCUjVYhCqfTbRRskvxKiBFxBWy5iJHht7WKeS1WZfCRMDZElOFEpR_Qzv1ybdV4Tk4h5nJQe04dDQrR8Ad-0P142ZtrFqsnCE_GjKfroSh3TUXQ_xMjU85YTfnAflTnPrCwwHR9L5Nv-OCz-hgJS8fwtDnIAp46IOJ3Aeb4oHBSbhPw8wJhWVMVcLAKWcV27QwCw",
    "token_expiry": "2019-09-21T15:54:10Z"
  },
  "sentinels": {
    "config_sentinel": "/home/abraham_rosloff/.config/gcloud/config_sentinel"
  }
}
2019-09-21 15:16:18,917 INFO     ___FILE_ONLY___ 

2019-09-21 15:16:18,923 DEBUG    root            SDK update checks are disabled.
