2019-09-21 15:14:13,304 DEBUG    root            Loaded Command Group: [u'gcloud', u'config']
2019-09-21 15:14:13,306 DEBUG    root            Loaded Command Group: [u'gcloud', u'config', u'config_helper']
2019-09-21 15:14:13,308 DEBUG    root            Running [gcloud.config.config-helper] with arguments: [--format: "json"]
2019-09-21 15:14:13,372 INFO     root            Display format: "default json"
2019-09-21 15:14:13,373 INFO     ___FILE_ONLY___ {
  "configuration": {
    "active_configuration": "default",
    "properties": {
      "core": {
        "account": "1096154357858-compute@developer.gserviceaccount.com",
        "disable_usage_reporting": "True",
        "project": "sbuhacks-2019"
      }
    }
  },
  "credential": {
    "access_token": "ya29.c.KmCKB86Ei_iICW4EpW3DBRjtoELWDyEJfnFf1oIHZ4_zn5urVhtbDck3ttGg86_YciV7XSnEETTuSWGZdJVWKY1QLhzbZ_ykYa1JRDMA_CM6DnZ6Ug5MTfqEn2ArKJUblqA",
    "id_token": "eyJhbGciOiJSUzI1NiIsImtpZCI6IjBiMGJmMTg2NzQzNDcxYTFlZGNhYzMwNjBkMTI1NmY5ZTQwNTBiYTgiLCJ0eXAiOiJKV1QifQ.eyJhdWQiOiIzMjU1NTk0MDU1OS5hcHBzLmdvb2dsZXVzZXJjb250ZW50LmNvbSIsImF6cCI6IjEwNjYzNjI1Mzc3MjE4MDMzNzkxOSIsImV4cCI6MTU2OTA4MjQ1MywiaWF0IjoxNTY5MDc4ODUzLCJpc3MiOiJodHRwczovL2FjY291bnRzLmdvb2dsZS5jb20iLCJzdWIiOiIxMDY2MzYyNTM3NzIxODAzMzc5MTkifQ.QZzTOTsxaOP7z6ebT5-utQCDhAolD5pYD4s2xXvk3rSTHX6ygQiOyO_hcDNHE55ee28Zii8Y2b8EsYl2N5710zVeOTXDmk8OdEq5av0bChu3hshTWJ7ZCPk_Ir3S-a9zHIIeVGE5fv0si5Tc9Ya1UxGIs-v_psynVCnXhXQTrj7rp-LaDoZq4Iaz7_s96lnMPH1hCdEmFRjYfwyKdQqB1eEqs2JRF4pSG8kbVrzT-dAJBMoCPCNhxRco-wyqyFbW7gMpoxIDmQ6lv-9PbqUCTk15NBKYu_GTNPNMzElmUZEW9kAEWBTlhP5Gzl7KmqR6xOgfvFki8_hvdtnSdnQ78A",
    "token_expiry": "2019-09-21T15:54:10Z"
  },
  "sentinels": {
    "config_sentinel": "/home/abraham_rosloff/.config/gcloud/config_sentinel"
  }
}
2019-09-21 15:14:13,373 INFO     ___FILE_ONLY___ 

2019-09-21 15:14:13,374 DEBUG    root            SDK update checks are disabled.
