2019-09-21 15:10:59,780 DEBUG    root            Loaded Command Group: [u'gcloud', u'config']
2019-09-21 15:10:59,786 DEBUG    root            Loaded Command Group: [u'gcloud', u'config', u'config_helper']
2019-09-21 15:10:59,792 DEBUG    root            Running [gcloud.config.config-helper] with arguments: [--format: "json"]
2019-09-21 15:10:59,888 INFO     root            Display format: "default json"
2019-09-21 15:10:59,889 INFO     ___FILE_ONLY___ {
  "configuration": {
    "active_configuration": "default",
    "properties": {
      "core": {
        "account": "1096154357858-compute@developer.gserviceaccount.com",
        "disable_usage_reporting": "True",
        "project": "sbuhacks-2019"
      }
    }
  },
  "credential": {
    "access_token": "ya29.c.KmCKB86Ei_iICW4EpW3DBRjtoELWDyEJfnFf1oIHZ4_zn5urVhtbDck3ttGg86_YciV7XSnEETTuSWGZdJVWKY1QLhzbZ_ykYa1JRDMA_CM6DnZ6Ug5MTfqEn2ArKJUblqA",
    "id_token": "eyJhbGciOiJSUzI1NiIsImtpZCI6IjBiMGJmMTg2NzQzNDcxYTFlZGNhYzMwNjBkMTI1NmY5ZTQwNTBiYTgiLCJ0eXAiOiJKV1QifQ.eyJhdWQiOiIzMjU1NTk0MDU1OS5hcHBzLmdvb2dsZXVzZXJjb250ZW50LmNvbSIsImF6cCI6IjEwNjYzNjI1Mzc3MjE4MDMzNzkxOSIsImV4cCI6MTU2OTA4MjI1OSwiaWF0IjoxNTY5MDc4NjU5LCJpc3MiOiJodHRwczovL2FjY291bnRzLmdvb2dsZS5jb20iLCJzdWIiOiIxMDY2MzYyNTM3NzIxODAzMzc5MTkifQ.tbmVSrtnTeYev16IWIS1-QK1rgKyB8_-rLEMgOIpkjvGdnNifPjpfYUfjHwKo_31QRn9UNrTHD39DjRyUm-xLnt0DCFXXBbbS2bPQT_HTRcaTNTKJOkfmKGk27MmtO4bH2bta9kWpPh4Oig4rzJEiFIBz9_SOERQ5l5B5f-ErNOYzPCBK0aGS27K8yvxiqkDzpxZhHxlVEx-YGK5tOBw9mpB9tGtx8jFdQzSj8j_ODEoRd3_k3eL-5peLC2lJAoV9Zq4mbQnSzoOPEVvSQ0bwu593Lv-1FgzPvfkkCTPWdlpoZV8ckQKtTZwFSVPVX9FNj95DJ6L1sRF5YeVGidsmw",
    "token_expiry": "2019-09-21T15:54:10Z"
  },
  "sentinels": {
    "config_sentinel": "/home/abraham_rosloff/.config/gcloud/config_sentinel"
  }
}
2019-09-21 15:10:59,889 INFO     ___FILE_ONLY___ 

2019-09-21 15:10:59,891 DEBUG    root            SDK update checks are disabled.
