2019-09-21 15:29:21,996 DEBUG    root            Loaded Command Group: [u'gcloud', u'config']
2019-09-21 15:29:21,997 DEBUG    root            Loaded Command Group: [u'gcloud', u'config', u'config_helper']
2019-09-21 15:29:22,000 DEBUG    root            Running [gcloud.config.config-helper] with arguments: [--format: "json"]
2019-09-21 15:29:22,077 INFO     root            Display format: "default json"
2019-09-21 15:29:22,078 INFO     ___FILE_ONLY___ {
  "configuration": {
    "active_configuration": "default",
    "properties": {
      "core": {
        "account": "1096154357858-compute@developer.gserviceaccount.com",
        "disable_usage_reporting": "True",
        "project": "sbuhacks-2019"
      }
    }
  },
  "credential": {
    "access_token": "ya29.c.KmCKB30O0vbG4U0HJlRz8lZ5pcDZFitCqLxFRYEvYTXLdtTE9czdnmwtSs09mblt7kiAR53D_cj0K1Jbg_5tm2SAmby-yF04ti1xcNzT-A4A616Xvi74zKEDsts7szPW5Dc",
    "id_token": "eyJhbGciOiJSUzI1NiIsImtpZCI6IjBiMGJmMTg2NzQzNDcxYTFlZGNhYzMwNjBkMTI1NmY5ZTQwNTBiYTgiLCJ0eXAiOiJKV1QifQ.eyJhdWQiOiIzMjU1NTk0MDU1OS5hcHBzLmdvb2dsZXVzZXJjb250ZW50LmNvbSIsImF6cCI6IjEwNjYzNjI1Mzc3MjE4MDMzNzkxOSIsImV4cCI6MTU2OTA4MzM2MiwiaWF0IjoxNTY5MDc5NzYyLCJpc3MiOiJodHRwczovL2FjY291bnRzLmdvb2dsZS5jb20iLCJzdWIiOiIxMDY2MzYyNTM3NzIxODAzMzc5MTkifQ.UY08Cxpay5LlI5zjVnqv0dhtNijOxOKdLf30uUrxLxgvUI_n41Ng3mNd3H7YXYejM99m_zmewwYmInEG01fRKyK5Af-xQx_yQIpxDV5TjHXu8E2CLDoF9SO97_72cNnGAQgYVyCzvoZE9OBRqT0Ep_9KGFU81f961LG4iJMGTh338Wf-BZyhQVgJv33oF27MWd1fPO3Y2TAoFCY0Msal7NpfkuZpv6ycVLJi_YvuJV7j0d28wcX4JR285yh_hBY3URPpEMl2qb4BAhmi0jXscGAoOgUe6s4xCuByusGqP37eBeMHuP97XtPk8zj-Ug7F_yPDdiE9TpFH8D9MP-1aHw",
    "token_expiry": "2019-09-21T16:24:12Z"
  },
  "sentinels": {
    "config_sentinel": "/home/abraham_rosloff/.config/gcloud/config_sentinel"
  }
}
2019-09-21 15:29:22,078 INFO     ___FILE_ONLY___ 

2019-09-21 15:29:22,079 DEBUG    root            SDK update checks are disabled.
